# JRE version: Java(TM) SE Runtime Environment 18.9 (11.0.15+8) (build 11.0.15+8-LTS-149)
# Java VM: Java HotSpot(TM) 64-Bit Server VM 18.9 (11.0.15+8-LTS-149, mixed mode, tiered, compressed oops, g1 gc, windows-amd64)
Heap:
 garbage-first heap   total 126976K, used 67010K [0x0000000084c00000, 0x0000000100000000)
  region size 1024K, 61 young (62464K), 3 survivors (3072K)
 Metaspace       used 28705K, capacity 29685K, committed 29872K, reserved 1075200K
  class space    used 3335K, capacity 3735K, committed 3840K, reserved 1048576K
GC Heap History (8 events):
Event: 0.506 GC heap before
{Heap before GC invocations=0 (full 0):
 garbage-first heap   total 126976K, used 14336K [0x0000000084c00000, 0x0000000100000000)
  region size 1024K, 14 young (14336K), 0 survivors (0K)
 Metaspace       used 10189K, capacity 10443K, committed 10624K, reserved 1058816K
  class space    used 952K, capacity 1046K, committed 1152K, reserved 1048576K
}
Event: 0.512 GC heap after
{Heap after GC invocations=1 (full 0):
 garbage-first heap   total 126976K, used 7270K [0x0000000084c00000, 0x0000000100000000)
  region size 1024K, 2 young (2048K), 2 survivors (2048K)
 Metaspace       used 10189K, capacity 10443K, committed 10624K, reserved 1058816K
  class space    used 952K, capacity 1046K, committed 1152K, reserved 1048576K
}
Event: 0.674 GC heap before
{Heap before GC invocations=1 (full 0):
 garbage-first heap   total 126976K, used 15462K [0x0000000084c00000, 0x0000000100000000)
  region size 1024K, 10 young (10240K), 2 survivors (2048K)
 Metaspace       used 11617K, capacity 11928K, committed 12032K, reserved 1060864K
  class space    used 1137K, capacity 1248K, committed 1280K, reserved 1048576K
}
Event: 0.677 GC heap after
{Heap after GC invocations=2 (full 0):
 garbage-first heap   total 126976K, used 7488K [0x0000000084c00000, 0x0000000100000000)
  region size 1024K, 1 young (1024K), 1 survivors (1024K)
 Metaspace       used 11617K, capacity 11928K, committed 12032K, reserved 1060864K
  class space    used 1137K, capacity 1248K, committed 1280K, reserved 1048576K
}
Event: 0.983 GC heap before
{Heap before GC invocations=2 (full 0):
 garbage-first heap   total 126976K, used 31040K [0x0000000084c00000, 0x0000000100000000)
  region size 1024K, 24 young (24576K), 1 survivors (1024K)
 Metaspace       used 15452K, capacity 16008K, committed 16256K, reserved 1062912K
  class space    used 1635K, capacity 1836K, committed 1920K, reserved 1048576K
}
Event: 0.985 GC heap after
{Heap after GC invocations=3 (full 0):
 garbage-first heap   total 126976K, used 8314K [0x0000000084c00000, 0x0000000100000000)
  region size 1024K, 2 young (2048K), 2 survivors (2048K)
 Metaspace       used 15452K, capacity 16008K, committed 16256K, reserved 1062912K
  class space    used 1635K, capacity 1836K, committed 1920K, reserved 1048576K
}
Event: 1.373 GC heap before
{Heap before GC invocations=3 (full 0):
 garbage-first heap   total 126976K, used 42106K [0x0000000084c00000, 0x0000000100000000)
  region size 1024K, 36 young (36864K), 2 survivors (2048K)
 Metaspace       used 20409K, capacity 21128K, committed 21296K, reserved 1069056K
  class space    used 2287K, capacity 2576K, committed 2688K, reserved 1048576K
}
Event: 1.378 GC heap after
{Heap after GC invocations=4 (full 0):
 garbage-first heap   total 126976K, used 9666K [0x0000000084c00000, 0x0000000100000000)
  region size 1024K, 3 young (3072K), 3 survivors (3072K)
 Metaspace       used 20409K, capacity 21128K, committed 21296K, reserved 1069056K
  class space    used 2287K, capacity 2576K, committed 2688K, reserved 1048576K
}

