# JRE version: Java(TM) SE Runtime Environment 18.9 (11.0.15+8) (build 11.0.15+8-LTS-149)
# Java VM: Java HotSpot(TM) 64-Bit Server VM 18.9 (11.0.15+8-LTS-149, mixed mode, tiered, compressed oops, g1 gc, windows-amd64)
Heap:
 garbage-first heap   total 126976K, used 45274K [0x0000000084c00000, 0x0000000100000000)
  region size 1024K, 41 young (41984K), 3 survivors (3072K)
 Metaspace       used 25021K, capacity 25705K, committed 25984K, reserved 1073152K
  class space    used 2811K, capacity 3088K, committed 3200K, reserved 1048576K
GC Heap History (8 events):
Event: 0.396 GC heap before
{Heap before GC invocations=0 (full 0):
 garbage-first heap   total 126976K, used 14336K [0x0000000084c00000, 0x0000000100000000)
  region size 1024K, 14 young (14336K), 0 survivors (0K)
 Metaspace       used 9170K, capacity 9393K, committed 9600K, reserved 1058816K
  class space    used 834K, capacity 876K, committed 896K, reserved 1048576K
}
Event: 0.400 GC heap after
{Heap after GC invocations=1 (full 0):
 garbage-first heap   total 126976K, used 5734K [0x0000000084c00000, 0x0000000100000000)
  region size 1024K, 2 young (2048K), 2 survivors (2048K)
 Metaspace       used 9170K, capacity 9393K, committed 9600K, reserved 1058816K
  class space    used 834K, capacity 876K, committed 896K, reserved 1048576K
}
Event: 0.669 GC heap before
{Heap before GC invocations=1 (full 0):
 garbage-first heap   total 126976K, used 27238K [0x0000000084c00000, 0x0000000100000000)
  region size 1024K, 23 young (23552K), 2 survivors (2048K)
 Metaspace       used 13981K, capacity 14278K, committed 14336K, reserved 1062912K
  class space    used 1410K, capacity 1518K, committed 1536K, reserved 1048576K
}
Event: 0.671 GC heap after
{Heap after GC invocations=2 (full 0):
 garbage-first heap   total 126976K, used 6976K [0x0000000084c00000, 0x0000000100000000)
  region size 1024K, 2 young (2048K), 2 survivors (2048K)
 Metaspace       used 13981K, capacity 14278K, committed 14336K, reserved 1062912K
  class space    used 1410K, capacity 1518K, committed 1536K, reserved 1048576K
}
Event: 0.971 GC heap before
{Heap before GC invocations=2 (full 0):
 garbage-first heap   total 126976K, used 36672K [0x0000000084c00000, 0x0000000100000000)
  region size 1024K, 31 young (31744K), 2 survivors (2048K)
 Metaspace       used 18971K, capacity 19468K, committed 19712K, reserved 1067008K
  class space    used 2058K, capacity 2261K, committed 2304K, reserved 1048576K
}
Event: 0.974 GC heap after
{Heap after GC invocations=3 (full 0):
 garbage-first heap   total 126976K, used 8166K [0x0000000084c00000, 0x0000000100000000)
  region size 1024K, 3 young (3072K), 3 survivors (3072K)
 Metaspace       used 18971K, capacity 19468K, committed 19712K, reserved 1067008K
  class space    used 2058K, capacity 2261K, committed 2304K, reserved 1048576K
}
Event: 1.042 GC heap before
{Heap before GC invocations=3 (full 0):
 garbage-first heap   total 126976K, used 16358K [0x0000000084c00000, 0x0000000100000000)
  region size 1024K, 12 young (12288K), 3 survivors (3072K)
 Metaspace       used 20587K, capacity 21107K, committed 21248K, reserved 1069056K
  class space    used 2230K, capacity 2446K, committed 2560K, reserved 1048576K
}
Event: 1.044 GC heap after
{Heap after GC invocations=4 (full 0):
 garbage-first heap   total 126976K, used 8410K [0x0000000084c00000, 0x0000000100000000)
  region size 1024K, 3 young (3072K), 3 survivors (3072K)
 Metaspace       used 20587K, capacity 21107K, committed 21248K, reserved 1069056K
  class space    used 2230K, capacity 2446K, committed 2560K, reserved 1048576K
}

